#
# There is insufficient memory for the Java Runtime Environment to continue.
# Native memory allocation (malloc) failed to allocate 1048576 bytes. Error detail: AllocateHeap
# Possible reasons:
#   The system is out of physical RAM or swap space
#   This process is running with CompressedOops enabled, and the Java Heap may be blocking the growth of the native heap
# Possible solutions:
#   Reduce memory load on the system
#   Increase physical memory or swap space
#   Check if swap backing store is full
#   Decrease Java heap size (-Xmx/-Xms)
#   Decrease number of Java threads
#   Decrease Java thread stack sizes (-Xss)
#   Set larger code cache with -XX:ReservedCodeCacheSize=
#   JVM is running with Unscaled Compressed Oops mode in which the Java heap is
#     placed in the first 4GB address space. The Java Heap base address is the
#     maximum limit for the native heap growth. Please use -XX:HeapBaseMinAddress
#     to set the Java Heap base and to place the Java Heap above 4GB virtual address.
# This output file may be truncated or incomplete.
#
#  Out of Memory Error (allocation.cpp:44), pid=15236, tid=23656
#
# JRE version: OpenJDK Runtime Environment Temurin-21.0.8+9 (21.0.8+9) (build 21.0.8+9-LTS)
# Java VM: OpenJDK 64-Bit Server VM Temurin-21.0.8+9 (21.0.8+9-LTS, mixed mode, sharing, tiered, compressed oops, compressed class ptrs, parallel gc, windows-amd64)
# No core dump will be written. Minidumps are not enabled by default on client versions of Windows
#

---------------  S U M M A R Y ------------

Command Line: --add-modules=ALL-SYSTEM --add-opens=java.base/java.util=ALL-UNNAMED --add-opens=java.base/java.lang=ALL-UNNAMED --add-opens=java.base/sun.nio.fs=ALL-UNNAMED -Declipse.application=org.eclipse.jdt.ls.core.id1 -Dosgi.bundles.defaultStartLevel=4 -Declipse.product=org.eclipse.jdt.ls.core.product -Djava.import.generatesMetadataFilesAtProjectRoot=false -DDetectVMInstallationsJob.disabled=true -Dfile.encoding=utf8 -XX:+UseParallelGC -XX:GCTimeRatio=4 -XX:AdaptiveSizePolicyWeight=90 -Dsun.zip.disableMemoryMapping=true -Xmx2G -Xms100m -Xlog:disable -javaagent:c:\Users\25112\.vscode\extensions\redhat.java-1.44.0-win32-x64\lombok\lombok-1.18.39-4050.jar -XX:+HeapDumpOnOutOfMemoryError -XX:HeapDumpPath=c:\Users\25112\AppData\Roaming\Code\User\workspaceStorage\6548b1a7cd3deffbda5bc5be2b348b8c\redhat.java -Daether.dependencyCollector.impl=bf c:\Users\25112\.vscode\extensions\redhat.java-1.44.0-win32-x64\server\plugins\org.eclipse.equinox.launcher_1.7.0.v20250519-0528.jar -configuration c:\Users\25112\AppData\Roaming\Code\User\globalStorage\redhat.java\1.44.0\config_win -data c:\Users\25112\AppData\Roaming\Code\User\workspaceStorage\6548b1a7cd3deffbda5bc5be2b348b8c\redhat.java\jdt_ws --pipe=\\.\pipe\lsp-8057a7c8c51a98bfe779bbdcc596630a-sock

Host: 11th Gen Intel(R) Core(TM) i7-1165G7 @ 2.80GHz, 8 cores, 7G,  Windows 11 , 64 bit Build 26100 (10.0.26100.4484)
Time: Sun Aug 10 19:33:23 2025 SE Asia Standard Time elapsed time: 10550.894570 seconds (0d 2h 55m 50s)

---------------  T H R E A D  ---------------

Current thread (0x00000243c6e97120):  JavaThread "Attach Listener" daemon [_thread_in_vm, id=23656, stack(0x0000009633900000,0x0000009633a00000) (1024K)]

Stack: [0x0000009633900000,0x0000009633a00000]
Native frames: (J=compiled Java code, j=interpreted, Vv=VM code, C=native code)
V  [jvm.dll+0x6d2449]
V  [jvm.dll+0x8ae341]
V  [jvm.dll+0x8b08be]
V  [jvm.dll+0x8b0fa3]
V  [jvm.dll+0x280c96]
V  [jvm.dll+0xc0347]
V  [jvm.dll+0x6d2cf9]
V  [jvm.dll+0x131116]
V  [jvm.dll+0x3f2d16]
V  [jvm.dll+0x857e6b]
V  [jvm.dll+0x6d0b0d]
C  [ucrtbase.dll+0x37b0]
C  [KERNEL32.DLL+0x2e8d7]
C  [ntdll.dll+0x3c34c]


---------------  P R O C E S S  ---------------

Threads class SMR info:
_java_thread_list=0x00000243e6641370, length=34, elements={
0x00000243c6f1f720, 0x00000243c6fd9500, 0x00000243c6fdc1e0, 0x00000243c6e96350,
0x00000243c6e97120, 0x00000243c6e97d70, 0x00000243c6e9a7d0, 0x00000243c6e9d610,
0x00000243df183f40, 0x00000243df224f80, 0x00000243df45d7f0, 0x00000243dfba2d00,
0x00000243e41d4300, 0x00000243df204c00, 0x00000243df29a310, 0x00000243df7ed080,
0x00000243df7ed710, 0x00000243df7ee430, 0x00000243df7ec360, 0x00000243df7edda0,
0x00000243e62c4d60, 0x00000243e62c2c90, 0x00000243e62c53f0, 0x00000243e62c46d0,
0x00000243e62c6110, 0x00000243e62c67a0, 0x00000243e62c6e30, 0x00000243e62c39b0,
0x00000243e62c74c0, 0x00000243e62c4040, 0x00000243e62c9c20, 0x00000243e62c8870,
0x00000243e62c7b50, 0x00000243e6931b20
}

Java Threads: ( => current thread )
  0x00000243c6f1f720 JavaThread "main"                              [_thread_blocked, id=1868, stack(0x0000009633200000,0x0000009633300000) (1024K)]
  0x00000243c6fd9500 JavaThread "Reference Handler"          daemon [_thread_blocked, id=7060, stack(0x0000009633600000,0x0000009633700000) (1024K)]
  0x00000243c6fdc1e0 JavaThread "Finalizer"                  daemon [_thread_blocked, id=19820, stack(0x0000009633700000,0x0000009633800000) (1024K)]
  0x00000243c6e96350 JavaThread "Signal Dispatcher"          daemon [_thread_blocked, id=4720, stack(0x0000009633800000,0x0000009633900000) (1024K)]
=>0x00000243c6e97120 JavaThread "Attach Listener"            daemon [_thread_in_vm, id=23656, stack(0x0000009633900000,0x0000009633a00000) (1024K)]
  0x00000243c6e97d70 JavaThread "Service Thread"             daemon [_thread_blocked, id=23236, stack(0x0000009633a00000,0x0000009633b00000) (1024K)]
  0x00000243c6e9a7d0 JavaThread "Monitor Deflation Thread"   daemon [_thread_blocked, id=7976, stack(0x0000009633b00000,0x0000009633c00000) (1024K)]
  0x00000243c6e9d610 JavaThread "C2 CompilerThread0"         daemon [_thread_blocked, id=6840, stack(0x0000009633c00000,0x0000009633d00000) (1024K)]
  0x00000243df183f40 JavaThread "C1 CompilerThread0"         daemon [_thread_blocked, id=21292, stack(0x0000009633d00000,0x0000009633e00000) (1024K)]
  0x00000243df224f80 JavaThread "Common-Cleaner"             daemon [_thread_blocked, id=22316, stack(0x0000009633e00000,0x0000009633f00000) (1024K)]
  0x00000243df45d7f0 JavaThread "Notification Thread"        daemon [_thread_blocked, id=8428, stack(0x0000009634000000,0x0000009634100000) (1024K)]
  0x00000243dfba2d00 JavaThread "Active Thread: Equinox Container: 2fdeaadf-090a-42fe-ad9c-75fd03ea292a"        [_thread_blocked, id=14912, stack(0x0000009634800000,0x0000009634900000) (1024K)]
  0x00000243e41d4300 JavaThread "Refresh Thread: Equinox Container: 2fdeaadf-090a-42fe-ad9c-75fd03ea292a" daemon [_thread_blocked, id=24272, stack(0x0000009634100000,0x0000009634200000) (1024K)]
  0x00000243df204c00 JavaThread "Framework Event Dispatcher: Equinox Container: 2fdeaadf-090a-42fe-ad9c-75fd03ea292a" daemon [_thread_blocked, id=21140, stack(0x0000009634900000,0x0000009634a00000) (1024K)]
  0x00000243df29a310 JavaThread "Start Level: Equinox Container: 2fdeaadf-090a-42fe-ad9c-75fd03ea292a" daemon [_thread_blocked, id=15112, stack(0x0000009634a00000,0x0000009634b00000) (1024K)]
  0x00000243df7ed080 JavaThread "Bundle File Closer"         daemon [_thread_blocked, id=12772, stack(0x0000009634c00000,0x0000009634d00000) (1024K)]
  0x00000243df7ed710 JavaThread "SCR Component Actor"        daemon [_thread_blocked, id=14616, stack(0x0000009634b00000,0x0000009634c00000) (1024K)]
  0x00000243df7ee430 JavaThread "Worker-JM"                         [_thread_blocked, id=11012, stack(0x0000009634e00000,0x0000009634f00000) (1024K)]
  0x00000243df7ec360 JavaThread "JNA Cleaner"                daemon [_thread_blocked, id=25552, stack(0x0000009634f00000,0x0000009635000000) (1024K)]
  0x00000243df7edda0 JavaThread "Worker-1"                          [_thread_blocked, id=24596, stack(0x0000009635100000,0x0000009635200000) (1024K)]
  0x00000243e62c4d60 JavaThread "Java indexing"              daemon [_thread_blocked, id=25384, stack(0x0000009635400000,0x0000009635500000) (1024K)]
  0x00000243e62c2c90 JavaThread "Thread-2"                   daemon [_thread_in_native, id=25484, stack(0x0000009635a00000,0x0000009635b00000) (1024K)]
  0x00000243e62c53f0 JavaThread "Thread-3"                   daemon [_thread_in_native, id=25216, stack(0x0000009635b00000,0x0000009635c00000) (1024K)]
  0x00000243e62c46d0 JavaThread "Thread-4"                   daemon [_thread_in_native, id=23540, stack(0x0000009635c00000,0x0000009635d00000) (1024K)]
  0x00000243e62c6110 JavaThread "Thread-5"                   daemon [_thread_in_native, id=5616, stack(0x0000009635d00000,0x0000009635e00000) (1024K)]
  0x00000243e62c67a0 JavaThread "Thread-6"                   daemon [_thread_in_native, id=11692, stack(0x0000009635e00000,0x0000009635f00000) (1024K)]
  0x00000243e62c6e30 JavaThread "Thread-7"                   daemon [_thread_in_native, id=18080, stack(0x0000009635f00000,0x0000009636000000) (1024K)]
  0x00000243e62c39b0 JavaThread "Thread-8"                   daemon [_thread_in_native, id=25092, stack(0x0000009636000000,0x0000009636100000) (1024K)]
  0x00000243e62c74c0 JavaThread "Thread-9"                   daemon [_thread_in_native, id=15772, stack(0x0000009636100000,0x0000009636200000) (1024K)]
  0x00000243e62c4040 JavaThread "Thread-10"                  daemon [_thread_in_native, id=11968, stack(0x0000009636200000,0x0000009636300000) (1024K)]
  0x00000243e62c9c20 JavaThread "pool-2-thread-1"                   [_thread_blocked, id=24588, stack(0x0000009636300000,0x0000009636400000) (1024K)]
  0x00000243e62c8870 JavaThread "WorkspaceEventsHandler"            [_thread_blocked, id=25544, stack(0x0000009636400000,0x0000009636500000) (1024K)]
  0x00000243e62c7b50 JavaThread "pool-1-thread-1"                   [_thread_blocked, id=22808, stack(0x0000009636500000,0x0000009636600000) (1024K)]
  0x00000243e6931b20 JavaThread "Worker-6"                          [_thread_blocked, id=1684, stack(0x0000009632f00000,0x0000009633000000) (1024K)]
Total: 34

Other Threads:
  0x00000243c6fbed80 VMThread "VM Thread"                           [id=7084, stack(0x0000009633500000,0x0000009633600000) (1024K)]
  0x00000243c6f8a710 WatcherThread "VM Periodic Task Thread"        [id=21532, stack(0x0000009633400000,0x0000009633500000) (1024K)]
  0x00000243c6f3cb20 WorkerThread "GC Thread#0"                     [id=16652, stack(0x0000009633300000,0x0000009633400000) (1024K)]
  0x00000243dfb91650 WorkerThread "GC Thread#1"                     [id=19996, stack(0x0000009634200000,0x0000009634300000) (1024K)]
  0x00000243df67e340 WorkerThread "GC Thread#2"                     [id=3648, stack(0x0000009634300000,0x0000009634400000) (1024K)]
  0x00000243df67e6e0 WorkerThread "GC Thread#3"                     [id=20024, stack(0x0000009634400000,0x0000009634500000) (1024K)]
  0x00000243df67ea80 WorkerThread "GC Thread#4"                     [id=8136, stack(0x0000009634500000,0x0000009634600000) (1024K)]
  0x00000243df67ee20 WorkerThread "GC Thread#5"                     [id=21948, stack(0x0000009634600000,0x0000009634700000) (1024K)]
  0x00000243df67f1c0 WorkerThread "GC Thread#6"                     [id=380, stack(0x0000009634700000,0x0000009634800000) (1024K)]
  0x00000243c6ecd6f0 WorkerThread "GC Thread#7"                     [id=10300, stack(0x0000009633f00000,0x0000009634000000) (1024K)]
Total: 10

Threads with active compile tasks:
Total: 0

VM state: not at safepoint (normal execution)

VM Mutex/Monitor currently owned by a thread: None

Heap address: 0x0000000080000000, size: 2048 MB, Compressed Oops mode: 32-bit

CDS archive(s) mapped at: [0x0000024380000000-0x0000024380ba0000-0x0000024380ba0000), size 12189696, SharedBaseAddress: 0x0000024380000000, ArchiveRelocationMode: 1.
Compressed class space mapped at: 0x0000024381000000-0x00000243c1000000, reserved size: 1073741824
Narrow klass base: 0x0000024380000000, Narrow klass shift: 0, Narrow klass range: 0x100000000

GC Precious Log:
 CardTable entry size: 512
 CPUs: 8 total, 8 available
 Memory: 7975M
 Large Page Support: Disabled
 NUMA Support: Disabled
 Compressed Oops: Enabled (32-bit)
 Alignments: Space 512K, Generation 512K, Heap 2M
 Heap Min Capacity: 100M
 Heap Initial Capacity: 100M
 Heap Max Capacity: 2G
 Pre-touch: Disabled
 Parallel Workers: 8

Heap:
 PSYoungGen      total 14848K, used 1004K [0x00000000d5580000, 0x00000000d7180000, 0x0000000100000000)
  eden space 13824K, 3% used [0x00000000d5580000,0x00000000d55f3018,0x00000000d6300000)
  from space 1024K, 53% used [0x00000000d7080000,0x00000000d7108020,0x00000000d7180000)
  to   space 5632K, 0% used [0x00000000d6680000,0x00000000d6680000,0x00000000d6c00000)
 ParOldGen       total 823296K, used 627549K [0x0000000080000000, 0x00000000b2400000, 0x00000000d5580000)
  object space 823296K, 76% used [0x0000000080000000,0x00000000a64d7718,0x00000000b2400000)
 Metaspace       used 78303K, committed 79936K, reserved 1179648K
  class space    used 7938K, committed 8640K, reserved 1048576K

Card table byte_map: [0x00000243c68c0000,0x00000243c6cd0000] _byte_map_base: 0x00000243c64c0000

Marking Bits: (ParMarkBitMap*) 0x00007ffb1eeca340
 Begin Bits: [0x00000243d93c0000, 0x00000243db3c0000)
 End Bits:   [0x00000243db3c0000, 0x00000243dd3c0000)

Polling page: 0x00000243c4d50000

Metaspace:

Usage:
  Non-class:     68.72 MB used.
      Class:      7.75 MB used.
       Both:     76.47 MB used.

Virtual space:
  Non-class space:      128.00 MB reserved,      69.62 MB ( 54%) committed,  2 nodes.
      Class space:        1.00 GB reserved,       8.44 MB ( <1%) committed,  1 nodes.
             Both:        1.12 GB reserved,      78.06 MB (  7%) committed. 

Chunk freelists:
   Non-Class:  10.01 MB
       Class:  7.45 MB
        Both:  17.46 MB

MaxMetaspaceSize: unlimited
CompressedClassSpaceSize: 1.00 GB
Initial GC threshold: 21.00 MB
Current GC threshold: 119.69 MB
CDS: on
 - commit_granule_bytes: 65536.
 - commit_granule_words: 8192.
 - virtual_space_node_default_size: 8388608.
 - enlarge_chunks_in_place: 1.
 - use_allocation_guard: 0.


Internal statistics:

num_allocs_failed_limit: 9.
num_arena_births: 1568.
num_arena_deaths: 20.
num_vsnodes_births: 3.
num_vsnodes_deaths: 0.
num_space_committed: 1248.
num_space_uncommitted: 0.
num_chunks_returned_to_freelist: 32.
num_chunks_taken_from_freelist: 5333.
num_chunk_merges: 17.
num_chunk_splits: 3297.
num_chunks_enlarged: 1912.
num_inconsistent_stats: 0.

CodeHeap 'non-profiled nmethods': size=120000Kb used=19673Kb max_used=19673Kb free=100326Kb
 bounds [0x00000243d1be0000, 0x00000243d2f20000, 0x00000243d9110000]
CodeHeap 'profiled nmethods': size=120000Kb used=47173Kb max_used=47173Kb free=72826Kb
 bounds [0x00000243ca110000, 0x00000243ccf30000, 0x00000243d1640000]
CodeHeap 'non-nmethods': size=5760Kb used=1491Kb max_used=1544Kb free=4269Kb
 bounds [0x00000243d1640000, 0x00000243d18b0000, 0x00000243d1be0000]
CodeCache: size=245760Kb, used=68337Kb, max_used=68390Kb, free=177421Kb
 total_blobs=19060, nmethods=18264, adapters=699, full_count=0
Compilation: enabled, stopped_count=0, restarted_count=0

Compilation events (20 events):
Event: 9025.667 Thread 0x00000243e60dea50 nmethod 20393 0x00000243d2ef7b90 code [0x00000243d2ef7d60, 0x00000243d2ef80a0]
Event: 9025.667 Thread 0x00000243e60dea50 20399       4       java.io.ObjectStreamClass::hasWriteReplaceMethod (17 bytes)
Event: 9025.668 Thread 0x00000243e60dea50 nmethod 20399 0x00000243d2ef8310 code [0x00000243d2ef84a0, 0x00000243d2ef8558]
Event: 9025.668 Thread 0x00000243e60dea50 20401       4       java.util.LinkedHashMap$LinkedKeySet::iterator (16 bytes)
Event: 9025.670 Thread 0x00000243e60dea50 nmethod 20401 0x00000243d2ef8610 code [0x00000243d2ef87a0, 0x00000243d2ef8910]
Event: 9025.696 Thread 0x00000243df183f40 20408       1       org.eclipse.core.internal.watson.ElementTree::getTreeData (5 bytes)
Event: 9025.698 Thread 0x00000243df183f40 nmethod 20408 0x00000243d2ef8a90 code [0x00000243d2ef8c20, 0x00000243d2ef8ce8]
Event: 9025.704 Thread 0x00000243e60dea50 20409       4       java.util.concurrent.atomic.AtomicLong::compareAndSet (13 bytes)
Event: 9025.705 Thread 0x00000243e60dea50 nmethod 20409 0x00000243d2ef8d90 code [0x00000243d2ef8f20, 0x00000243d2ef8fc0]
Event: 9025.760 Thread 0x00000243e60dea50 20410       4       org.eclipse.core.runtime.Path::isPrefixOf (118 bytes)
Event: 9025.767 Thread 0x00000243e60dea50 nmethod 20410 0x00000243d2ef9090 code [0x00000243d2ef9260, 0x00000243d2ef9950]
Event: 9025.797 Thread 0x00000243e60dea50 20411       4       org.eclipse.jdt.internal.core.ClasspathEntry::rootID (151 bytes)
Event: 9025.816 Thread 0x00000243e60dea50 nmethod 20411 0x00000243d2ef9c90 code [0x00000243d2ef9ec0, 0x00000243d2efaa78]
Event: 9025.817 Thread 0x00000243e60dea50 20412   !   4       org.eclipse.jdt.internal.core.JavaProject::getOption (43 bytes)
Event: 9025.918 Thread 0x00000243c6e9d610 nmethod 20405 0x00000243d2efb210 code [0x00000243d2efbec0, 0x00000243d2f045f0]
Event: 9026.135 Thread 0x00000243c6e9d610 20413       4       org.eclipse.jdt.internal.core.JavaModelManager::getOption (159 bytes)
Event: 9026.205 Thread 0x00000243c6e9d610 nmethod 20413 0x00000243d2f0b810 code [0x00000243d2f0bc20, 0x00000243d2f0e980]
Event: 9026.205 Thread 0x00000243e60dea50 nmethod 20412 0x00000243d2f10490 code [0x00000243d2f108e0, 0x00000243d2f13fa8]
Event: 9026.205 Thread 0x00000243c6e9d610 20414       4       org.eclipse.jdt.ls.core.internal.handlers.ProgressReporterManager$ProgressReporter::worked (15 bytes)
Event: 9026.226 Thread 0x00000243c6e9d610 nmethod 20414 0x00000243d2f16190 code [0x00000243d2f16340, 0x00000243d2f16518]

GC Heap History (20 events):
Event: 8725.226 GC heap before
{Heap before GC invocations=2895 (full 4):
 PSYoungGen      total 4608K, used 4334K [0x00000000d5580000, 0x00000000d5d80000, 0x0000000100000000)
  eden space 3072K, 100% used [0x00000000d5580000,0x00000000d5880000,0x00000000d5880000)
  from space 1536K, 82% used [0x00000000d5c00000,0x00000000d5d3b900,0x00000000d5d80000)
  to   space 2048K, 0% used [0x00000000d5980000,0x00000000d5980000,0x00000000d5b80000)
 ParOldGen       total 823296K, used 558689K [0x0000000080000000, 0x00000000b2400000, 0x00000000d5580000)
  object space 823296K, 67% used [0x0000000080000000,0x00000000a2198430,0x00000000b2400000)
 Metaspace       used 78150K, committed 79808K, reserved 1179648K
  class space    used 7921K, committed 8640K, reserved 1048576K
}
Event: 8725.233 GC heap after
{Heap after GC invocations=2895 (full 4):
 PSYoungGen      total 6144K, used 2048K [0x00000000d5580000, 0x00000000d6380000, 0x0000000100000000)
  eden space 4096K, 0% used [0x00000000d5580000,0x00000000d5580000,0x00000000d5980000)
  from space 2048K, 100% used [0x00000000d5980000,0x00000000d5b80000,0x00000000d5b80000)
  to   space 5120K, 0% used [0x00000000d5e80000,0x00000000d5e80000,0x00000000d6380000)
 ParOldGen       total 823296K, used 560823K [0x0000000080000000, 0x00000000b2400000, 0x00000000d5580000)
  object space 823296K, 68% used [0x0000000080000000,0x00000000a23aded0,0x00000000b2400000)
 Metaspace       used 78150K, committed 79808K, reserved 1179648K
  class space    used 7921K, committed 8640K, reserved 1048576K
}
Event: 8725.249 GC heap before
{Heap before GC invocations=2896 (full 4):
 PSYoungGen      total 6144K, used 6144K [0x00000000d5580000, 0x00000000d6380000, 0x0000000100000000)
  eden space 4096K, 100% used [0x00000000d5580000,0x00000000d5980000,0x00000000d5980000)
  from space 2048K, 100% used [0x00000000d5980000,0x00000000d5b80000,0x00000000d5b80000)
  to   space 5120K, 0% used [0x00000000d5e80000,0x00000000d5e80000,0x00000000d6380000)
 ParOldGen       total 823296K, used 560823K [0x0000000080000000, 0x00000000b2400000, 0x00000000d5580000)
  object space 823296K, 68% used [0x0000000080000000,0x00000000a23aded0,0x00000000b2400000)
 Metaspace       used 78156K, committed 79808K, reserved 1179648K
  class space    used 7922K, committed 8640K, reserved 1048576K
}
Event: 8725.257 GC heap after
{Heap after GC invocations=2896 (full 4):
 PSYoungGen      total 9728K, used 4128K [0x00000000d5580000, 0x00000000d6380000, 0x0000000100000000)
  eden space 4608K, 0% used [0x00000000d5580000,0x00000000d5580000,0x00000000d5a00000)
  from space 5120K, 80% used [0x00000000d5e80000,0x00000000d6288000,0x00000000d6380000)
  to   space 4608K, 0% used [0x00000000d5a00000,0x00000000d5a00000,0x00000000d5e80000)
 ParOldGen       total 823296K, used 562935K [0x0000000080000000, 0x00000000b2400000, 0x00000000d5580000)
  object space 823296K, 68% used [0x0000000080000000,0x00000000a25bded0,0x00000000b2400000)
 Metaspace       used 78156K, committed 79808K, reserved 1179648K
  class space    used 7922K, committed 8640K, reserved 1048576K
}
Event: 8725.279 GC heap before
{Heap before GC invocations=2897 (full 4):
 PSYoungGen      total 9728K, used 8736K [0x00000000d5580000, 0x00000000d6380000, 0x0000000100000000)
  eden space 4608K, 100% used [0x00000000d5580000,0x00000000d5a00000,0x00000000d5a00000)
  from space 5120K, 80% used [0x00000000d5e80000,0x00000000d6288000,0x00000000d6380000)
  to   space 4608K, 0% used [0x00000000d5a00000,0x00000000d5a00000,0x00000000d5e80000)
 ParOldGen       total 823296K, used 562935K [0x0000000080000000, 0x00000000b2400000, 0x00000000d5580000)
  object space 823296K, 68% used [0x0000000080000000,0x00000000a25bded0,0x00000000b2400000)
 Metaspace       used 78163K, committed 79872K, reserved 1179648K
  class space    used 7923K, committed 8640K, reserved 1048576K
}
Event: 8725.293 GC heap after
{Heap after GC invocations=2897 (full 4):
 PSYoungGen      total 9216K, used 4576K [0x00000000d5580000, 0x00000000d6500000, 0x0000000100000000)
  eden space 4608K, 0% used [0x00000000d5580000,0x00000000d5580000,0x00000000d5a00000)
  from space 4608K, 99% used [0x00000000d5a00000,0x00000000d5e78000,0x00000000d5e80000)
  to   space 5120K, 0% used [0x00000000d6000000,0x00000000d6000000,0x00000000d6500000)
 ParOldGen       total 823296K, used 566999K [0x0000000080000000, 0x00000000b2400000, 0x00000000d5580000)
  object space 823296K, 68% used [0x0000000080000000,0x00000000a29b5ed0,0x00000000b2400000)
 Metaspace       used 78163K, committed 79872K, reserved 1179648K
  class space    used 7923K, committed 8640K, reserved 1048576K
}
Event: 8725.307 GC heap before
{Heap before GC invocations=2898 (full 4):
 PSYoungGen      total 9216K, used 9184K [0x00000000d5580000, 0x00000000d6500000, 0x0000000100000000)
  eden space 4608K, 100% used [0x00000000d5580000,0x00000000d5a00000,0x00000000d5a00000)
  from space 4608K, 99% used [0x00000000d5a00000,0x00000000d5e78000,0x00000000d5e80000)
  to   space 5120K, 0% used [0x00000000d6000000,0x00000000d6000000,0x00000000d6500000)
 ParOldGen       total 823296K, used 566999K [0x0000000080000000, 0x00000000b2400000, 0x00000000d5580000)
  object space 823296K, 68% used [0x0000000080000000,0x00000000a29b5ed0,0x00000000b2400000)
 Metaspace       used 78164K, committed 79872K, reserved 1179648K
  class space    used 7923K, committed 8640K, reserved 1048576K
}
Event: 8725.325 GC heap after
{Heap after GC invocations=2898 (full 4):
 PSYoungGen      total 10752K, used 4704K [0x00000000d5580000, 0x00000000d6500000, 0x0000000100000000)
  eden space 5632K, 0% used [0x00000000d5580000,0x00000000d5580000,0x00000000d5b00000)
  from space 5120K, 91% used [0x00000000d6000000,0x00000000d6498000,0x00000000d6500000)
  to   space 5120K, 0% used [0x00000000d5b00000,0x00000000d5b00000,0x00000000d6000000)
 ParOldGen       total 823296K, used 571519K [0x0000000080000000, 0x00000000b2400000, 0x00000000d5580000)
  object space 823296K, 69% used [0x0000000080000000,0x00000000a2e1fed0,0x00000000b2400000)
 Metaspace       used 78164K, committed 79872K, reserved 1179648K
  class space    used 7923K, committed 8640K, reserved 1048576K
}
Event: 8725.359 GC heap before
{Heap before GC invocations=2899 (full 4):
 PSYoungGen      total 10752K, used 10336K [0x00000000d5580000, 0x00000000d6500000, 0x0000000100000000)
  eden space 5632K, 100% used [0x00000000d5580000,0x00000000d5b00000,0x00000000d5b00000)
  from space 5120K, 91% used [0x00000000d6000000,0x00000000d6498000,0x00000000d6500000)
  to   space 5120K, 0% used [0x00000000d5b00000,0x00000000d5b00000,0x00000000d6000000)
 ParOldGen       total 823296K, used 571519K [0x0000000080000000, 0x00000000b2400000, 0x00000000d5580000)
  object space 823296K, 69% used [0x0000000080000000,0x00000000a2e1fed0,0x00000000b2400000)
 Metaspace       used 78166K, committed 79872K, reserved 1179648K
  class space    used 7923K, committed 8640K, reserved 1048576K
}
Event: 8725.379 GC heap after
{Heap after GC invocations=2899 (full 4):
 PSYoungGen      total 10752K, used 4640K [0x00000000d5580000, 0x00000000d6680000, 0x0000000100000000)
  eden space 5632K, 0% used [0x00000000d5580000,0x00000000d5580000,0x00000000d5b00000)
  from space 5120K, 90% used [0x00000000d5b00000,0x00000000d5f88000,0x00000000d6000000)
  to   space 5120K, 0% used [0x00000000d6180000,0x00000000d6180000,0x00000000d6680000)
 ParOldGen       total 823296K, used 576167K [0x0000000080000000, 0x00000000b2400000, 0x00000000d5580000)
  object space 823296K, 69% used [0x0000000080000000,0x00000000a32a9ed0,0x00000000b2400000)
 Metaspace       used 78166K, committed 79872K, reserved 1179648K
  class space    used 7923K, committed 8640K, reserved 1048576K
}
Event: 8725.486 GC heap before
{Heap before GC invocations=2900 (full 4):
 PSYoungGen      total 10752K, used 10044K [0x00000000d5580000, 0x00000000d6680000, 0x0000000100000000)
  eden space 5632K, 95% used [0x00000000d5580000,0x00000000d5ac73c0,0x00000000d5b00000)
  from space 5120K, 90% used [0x00000000d5b00000,0x00000000d5f88000,0x00000000d6000000)
  to   space 5120K, 0% used [0x00000000d6180000,0x00000000d6180000,0x00000000d6680000)
 ParOldGen       total 823296K, used 576167K [0x0000000080000000, 0x00000000b2400000, 0x00000000d5580000)
  object space 823296K, 69% used [0x0000000080000000,0x00000000a32a9ed0,0x00000000b2400000)
 Metaspace       used 78168K, committed 79872K, reserved 1179648K
  class space    used 7923K, committed 8640K, reserved 1048576K
}
Event: 8725.507 GC heap after
{Heap after GC invocations=2900 (full 4):
 PSYoungGen      total 9216K, used 1664K [0x00000000d5580000, 0x00000000d6380000, 0x0000000100000000)
  eden space 7168K, 0% used [0x00000000d5580000,0x00000000d5580000,0x00000000d5c80000)
  from space 2048K, 81% used [0x00000000d6180000,0x00000000d6320080,0x00000000d6380000)
  to   space 3072K, 0% used [0x00000000d5d80000,0x00000000d5d80000,0x00000000d6080000)
 ParOldGen       total 823296K, used 580743K [0x0000000080000000, 0x00000000b2400000, 0x00000000d5580000)
  object space 823296K, 70% used [0x0000000080000000,0x00000000a3721ed0,0x00000000b2400000)
 Metaspace       used 78168K, committed 79872K, reserved 1179648K
  class space    used 7923K, committed 8640K, reserved 1048576K
}
Event: 8725.532 GC heap before
{Heap before GC invocations=2901 (full 4):
 PSYoungGen      total 9216K, used 8832K [0x00000000d5580000, 0x00000000d6380000, 0x0000000100000000)
  eden space 7168K, 100% used [0x00000000d5580000,0x00000000d5c80000,0x00000000d5c80000)
  from space 2048K, 81% used [0x00000000d6180000,0x00000000d6320080,0x00000000d6380000)
  to   space 3072K, 0% used [0x00000000d5d80000,0x00000000d5d80000,0x00000000d6080000)
 ParOldGen       total 823296K, used 580743K [0x0000000080000000, 0x00000000b2400000, 0x00000000d5580000)
  object space 823296K, 70% used [0x0000000080000000,0x00000000a3721ed0,0x00000000b2400000)
 Metaspace       used 78168K, committed 79872K, reserved 1179648K
  class space    used 7923K, committed 8640K, reserved 1048576K
}
Event: 8725.554 GC heap after
{Heap after GC invocations=2901 (full 4):
 PSYoungGen      total 11264K, used 3065K [0x00000000d5580000, 0x00000000d7200000, 0x0000000100000000)
  eden space 8192K, 0% used [0x00000000d5580000,0x00000000d5580000,0x00000000d5d80000)
  from space 3072K, 99% used [0x00000000d5d80000,0x00000000d607e660,0x00000000d6080000)
  to   space 10240K, 0% used [0x00000000d6800000,0x00000000d6800000,0x00000000d7200000)
 ParOldGen       total 823296K, used 586444K [0x0000000080000000, 0x00000000b2400000, 0x00000000d5580000)
  object space 823296K, 71% used [0x0000000080000000,0x00000000a3cb3288,0x00000000b2400000)
 Metaspace       used 78168K, committed 79872K, reserved 1179648K
  class space    used 7923K, committed 8640K, reserved 1048576K
}
Event: 8725.599 GC heap before
{Heap before GC invocations=2902 (full 4):
 PSYoungGen      total 11264K, used 11224K [0x00000000d5580000, 0x00000000d7200000, 0x0000000100000000)
  eden space 8192K, 99% used [0x00000000d5580000,0x00000000d5d77d10,0x00000000d5d80000)
  from space 3072K, 99% used [0x00000000d5d80000,0x00000000d607e660,0x00000000d6080000)
  to   space 10240K, 0% used [0x00000000d6800000,0x00000000d6800000,0x00000000d7200000)
 ParOldGen       total 823296K, used 586444K [0x0000000080000000, 0x00000000b2400000, 0x00000000d5580000)
  object space 823296K, 71% used [0x0000000080000000,0x00000000a3cb3288,0x00000000b2400000)
 Metaspace       used 78169K, committed 79872K, reserved 1179648K
  class space    used 7923K, committed 8640K, reserved 1048576K
}
Event: 8725.621 GC heap after
{Heap after GC invocations=2902 (full 4):
 PSYoungGen      total 16896K, used 6304K [0x00000000d5580000, 0x00000000d6e80000, 0x0000000100000000)
  eden space 10240K, 0% used [0x00000000d5580000,0x00000000d5580000,0x00000000d5f80000)
  from space 6656K, 94% used [0x00000000d6800000,0x00000000d6e28138,0x00000000d6e80000)
  to   space 7168K, 0% used [0x00000000d6080000,0x00000000d6080000,0x00000000d6780000)
 ParOldGen       total 823296K, used 589574K [0x0000000080000000, 0x00000000b2400000, 0x00000000d5580000)
  object space 823296K, 71% used [0x0000000080000000,0x00000000a3fc18e8,0x00000000b2400000)
 Metaspace       used 78169K, committed 79872K, reserved 1179648K
  class space    used 7923K, committed 8640K, reserved 1048576K
}
Event: 8725.936 GC heap before
{Heap before GC invocations=2903 (full 4):
 PSYoungGen      total 16896K, used 16544K [0x00000000d5580000, 0x00000000d6e80000, 0x0000000100000000)
  eden space 10240K, 100% used [0x00000000d5580000,0x00000000d5f80000,0x00000000d5f80000)
  from space 6656K, 94% used [0x00000000d6800000,0x00000000d6e28138,0x00000000d6e80000)
  to   space 7168K, 0% used [0x00000000d6080000,0x00000000d6080000,0x00000000d6780000)
 ParOldGen       total 823296K, used 589574K [0x0000000080000000, 0x00000000b2400000, 0x00000000d5580000)
  object space 823296K, 71% used [0x0000000080000000,0x00000000a3fc18e8,0x00000000b2400000)
 Metaspace       used 78170K, committed 79872K, reserved 1179648K
  class space    used 7923K, committed 8640K, reserved 1048576K
}
Event: 8725.961 GC heap after
{Heap after GC invocations=2903 (full 4):
 PSYoungGen      total 18432K, used 7159K [0x00000000d5580000, 0x00000000d7f80000, 0x0000000100000000)
  eden space 11264K, 0% used [0x00000000d5580000,0x00000000d5580000,0x00000000d6080000)
  from space 7168K, 99% used [0x00000000d6080000,0x00000000d677dd10,0x00000000d6780000)
  to   space 15360K, 0% used [0x00000000d7080000,0x00000000d7080000,0x00000000d7f80000)
 ParOldGen       total 823296K, used 596264K [0x0000000080000000, 0x00000000b2400000, 0x00000000d5580000)
  object space 823296K, 72% used [0x0000000080000000,0x00000000a464a0e0,0x00000000b2400000)
 Metaspace       used 78170K, committed 79872K, reserved 1179648K
  class space    used 7923K, committed 8640K, reserved 1048576K
}
Event: 9025.922 GC heap before
{Heap before GC invocations=2904 (full 4):
 PSYoungGen      total 18432K, used 18423K [0x00000000d5580000, 0x00000000d7f80000, 0x0000000100000000)
  eden space 11264K, 100% used [0x00000000d5580000,0x00000000d6080000,0x00000000d6080000)
  from space 7168K, 99% used [0x00000000d6080000,0x00000000d677dd10,0x00000000d6780000)
  to   space 15360K, 0% used [0x00000000d7080000,0x00000000d7080000,0x00000000d7f80000)
 ParOldGen       total 823296K, used 626984K [0x0000000080000000, 0x00000000b2400000, 0x00000000d5580000)
  object space 823296K, 76% used [0x0000000080000000,0x00000000a644a110,0x00000000b2400000)
 Metaspace       used 78303K, committed 79936K, reserved 1179648K
  class space    used 7938K, committed 8640K, reserved 1048576K
}
Event: 9026.133 GC heap after
{Heap after GC invocations=2904 (full 4):
 PSYoungGen      total 14848K, used 544K [0x00000000d5580000, 0x00000000d7180000, 0x0000000100000000)
  eden space 13824K, 0% used [0x00000000d5580000,0x00000000d5580000,0x00000000d6300000)
  from space 1024K, 53% used [0x00000000d7080000,0x00000000d7108020,0x00000000d7180000)
  to   space 5632K, 0% used [0x00000000d6680000,0x00000000d6680000,0x00000000d6c00000)
 ParOldGen       total 823296K, used 627549K [0x0000000080000000, 0x00000000b2400000, 0x00000000d5580000)
  object space 823296K, 76% used [0x0000000080000000,0x00000000a64d7718,0x00000000b2400000)
 Metaspace       used 78303K, committed 79936K, reserved 1179648K
  class space    used 7938K, committed 8640K, reserved 1048576K
}

Dll operation events (10 events):
Event: 0.007 Loaded shared library c:\Users\25112\.vscode\extensions\redhat.java-1.44.0-win32-x64\jre\21.0.8-win32-x86_64\bin\java.dll
Event: 0.076 Loaded shared library c:\Users\25112\.vscode\extensions\redhat.java-1.44.0-win32-x64\jre\21.0.8-win32-x86_64\bin\zip.dll
Event: 0.097 Loaded shared library C:\Users\25112\.vscode\extensions\redhat.java-1.44.0-win32-x64\jre\21.0.8-win32-x86_64\bin\instrument.dll
Event: 0.102 Loaded shared library C:\Users\25112\.vscode\extensions\redhat.java-1.44.0-win32-x64\jre\21.0.8-win32-x86_64\bin\net.dll
Event: 0.103 Loaded shared library C:\Users\25112\.vscode\extensions\redhat.java-1.44.0-win32-x64\jre\21.0.8-win32-x86_64\bin\nio.dll
Event: 0.106 Loaded shared library C:\Users\25112\.vscode\extensions\redhat.java-1.44.0-win32-x64\jre\21.0.8-win32-x86_64\bin\zip.dll
Event: 0.120 Loaded shared library C:\Users\25112\.vscode\extensions\redhat.java-1.44.0-win32-x64\jre\21.0.8-win32-x86_64\bin\jimage.dll
Event: 0.185 Loaded shared library c:\Users\25112\.vscode\extensions\redhat.java-1.44.0-win32-x64\jre\21.0.8-win32-x86_64\bin\verify.dll
Event: 8.845 Loaded shared library C:\Users\25112\AppData\Roaming\Code\User\globalStorage\redhat.java\1.44.0\config_win\org.eclipse.equinox.launcher\org.eclipse.equinox.launcher.win32.win32.x86_64_1.2.1400.v20250730-1736\eclipse_11913.dll
Event: 32.203 Loaded shared library C:\Users\25112\AppData\Local\Temp\jna-102011741\jna15064977229663854630.dll

Deoptimization events (20 events):
Event: 8729.709 Thread 0x00000243e6931b20 Uncommon trap: trap_request=0xffffffc6 fr.pc=0x00000243d1d60f08 relative=0x00000000000001e8
Event: 8729.709 Thread 0x00000243e6931b20 Uncommon trap: reason=bimorphic_or_optimized_type_check action=maybe_recompile pc=0x00000243d1d60f08 method=java.util.Collections.eq(Ljava/lang/Object;Ljava/lang/Object;)Z @ 18 c2
Event: 8729.709 Thread 0x00000243e6931b20 DEOPT PACKING pc=0x00000243d1d60f08 sp=0x0000009632ffe8e0
Event: 8729.709 Thread 0x00000243e6931b20 DEOPT UNPACKING pc=0x00000243d1696da2 sp=0x0000009632ffe810 mode 2
Event: 8729.710 Thread 0x00000243e6931b20 Uncommon trap: trap_request=0xffffffc6 fr.pc=0x00000243d1d60f08 relative=0x00000000000001e8
Event: 8729.710 Thread 0x00000243e6931b20 Uncommon trap: reason=bimorphic_or_optimized_type_check action=maybe_recompile pc=0x00000243d1d60f08 method=java.util.Collections.eq(Ljava/lang/Object;Ljava/lang/Object;)Z @ 18 c2
Event: 8729.710 Thread 0x00000243e6931b20 DEOPT PACKING pc=0x00000243d1d60f08 sp=0x0000009632ffea10
Event: 8729.711 Thread 0x00000243e6931b20 DEOPT UNPACKING pc=0x00000243d1696da2 sp=0x0000009632ffe940 mode 2
Event: 9025.272 Thread 0x00000243e6931b20 Uncommon trap: trap_request=0xffffff45 fr.pc=0x00000243d2e9dc50 relative=0x00000000000027d0
Event: 9025.272 Thread 0x00000243e6931b20 Uncommon trap: reason=unstable_if action=reinterpret pc=0x00000243d2e9dc50 method=java.io.ObjectOutputStream$HandleTable.lookup(Ljava/lang/Object;)I @ 4 c2
Event: 9025.272 Thread 0x00000243e6931b20 DEOPT PACKING pc=0x00000243d2e9dc50 sp=0x0000009632fff010
Event: 9025.272 Thread 0x00000243e6931b20 DEOPT UNPACKING pc=0x00000243d1696da2 sp=0x0000009632ffeee8 mode 2
Event: 9025.272 Thread 0x00000243e6931b20 Uncommon trap: trap_request=0xffffff45 fr.pc=0x00000243d2e8d9c8 relative=0x0000000000000188
Event: 9025.272 Thread 0x00000243e6931b20 Uncommon trap: reason=unstable_if action=reinterpret pc=0x00000243d2e8d9c8 method=java.io.ObjectOutputStream$HandleTable.lookup(Ljava/lang/Object;)I @ 4 c2
Event: 9025.272 Thread 0x00000243e6931b20 DEOPT PACKING pc=0x00000243d2e8d9c8 sp=0x0000009632ffefb0
Event: 9025.272 Thread 0x00000243e6931b20 DEOPT UNPACKING pc=0x00000243d1696da2 sp=0x0000009632ffef50 mode 2
Event: 9025.456 Thread 0x00000243e6931b20 Uncommon trap: trap_request=0xffffff45 fr.pc=0x00000243d2cfcc38 relative=0x0000000000000a18
Event: 9025.457 Thread 0x00000243e6931b20 Uncommon trap: reason=unstable_if action=reinterpret pc=0x00000243d2cfcc38 method=org.eclipse.core.internal.dtree.DeltaDataTree.getData(Lorg/eclipse/core/runtime/IPath;)Ljava/lang/Object; @ 56 c2
Event: 9025.457 Thread 0x00000243e6931b20 DEOPT PACKING pc=0x00000243d2cfcc38 sp=0x0000009632ffebb0
Event: 9025.457 Thread 0x00000243e6931b20 DEOPT UNPACKING pc=0x00000243d1696da2 sp=0x0000009632ffeb68 mode 2

Classes loaded (20 events):
Event: 340.343 Loading class java/io/ObjectOutputStream$ReplaceTable
Event: 340.344 Loading class java/io/ObjectOutputStream$ReplaceTable done
Event: 340.389 Loading class java/nio/charset/CharacterCodingException
Event: 340.390 Loading class java/nio/charset/CharacterCodingException done
Event: 8724.106 Loading class java/io/SequenceInputStream
Event: 8724.114 Loading class java/io/SequenceInputStream done
Event: 8724.338 Loading class org/xml/sax/SAXNotRecognizedException
Event: 8724.341 Loading class org/xml/sax/SAXNotRecognizedException done
Event: 8724.345 Loading class org/xml/sax/SAXNotSupportedException
Event: 8724.347 Loading class org/xml/sax/SAXNotSupportedException done
Event: 8724.390 Loading class com/sun/org/apache/xerces/internal/util/URI
Event: 8724.416 Loading class com/sun/org/apache/xerces/internal/util/URI done
Event: 8724.717 Loading class com/sun/org/apache/xerces/internal/xni/XNIException
Event: 8724.719 Loading class com/sun/org/apache/xerces/internal/xni/XNIException done
Event: 8724.720 Loading class com/sun/org/apache/xerces/internal/xni/parser/XMLParseException
Event: 8724.723 Loading class com/sun/org/apache/xerces/internal/xni/parser/XMLParseException done
Event: 8726.133 Loading class jdk/internal/module/IllegalAccessLogger
Event: 8726.133 Loading class jdk/internal/module/IllegalAccessLogger done
Event: 8729.754 Loading class java/nio/BufferMismatch
Event: 8729.761 Loading class java/nio/BufferMismatch done

Classes unloaded (10 events):
Event: 32.850 Thread 0x00000243c6fbed80 Unloading class 0x00000243811a9800 'java/lang/invoke/LambdaForm$MH+0x00000243811a9800'
Event: 32.850 Thread 0x00000243c6fbed80 Unloading class 0x00000243811a9400 'java/lang/invoke/LambdaForm$MH+0x00000243811a9400'
Event: 32.850 Thread 0x00000243c6fbed80 Unloading class 0x00000243811a9000 'java/lang/invoke/LambdaForm$MH+0x00000243811a9000'
Event: 32.850 Thread 0x00000243c6fbed80 Unloading class 0x00000243811a8c00 'java/lang/invoke/LambdaForm$MH+0x00000243811a8c00'
Event: 32.850 Thread 0x00000243c6fbed80 Unloading class 0x00000243811a8800 'java/lang/invoke/LambdaForm$BMH+0x00000243811a8800'
Event: 32.850 Thread 0x00000243c6fbed80 Unloading class 0x00000243811a8400 'java/lang/invoke/LambdaForm$DMH+0x00000243811a8400'
Event: 32.850 Thread 0x00000243c6fbed80 Unloading class 0x00000243811a3000 'java/lang/invoke/LambdaForm$DMH+0x00000243811a3000'
Event: 111.418 Thread 0x00000243c6fbed80 Unloading class 0x00000243816f9400 'java/lang/invoke/LambdaForm$DMH+0x00000243816f9400'
Event: 111.425 Thread 0x00000243c6fbed80 Unloading class 0x00000243816f9000 'java/lang/invoke/LambdaForm$DMH+0x00000243816f9000'
Event: 111.425 Thread 0x00000243c6fbed80 Unloading class 0x00000243816f8800 'java/lang/invoke/LambdaForm$DMH+0x00000243816f8800'

Classes redefined (0 events):
No events

Internal exceptions (20 events):
Event: 181.654 Thread 0x00000243e6935630 Exception <a 'sun/nio/fs/WindowsException'{0x00000000d560a280}> (0x00000000d560a280) 
thrown [s\src\hotspot\share\prims\jni.cpp, line 520]
Event: 181.654 Thread 0x00000243e6935630 Exception <a 'sun/nio/fs/WindowsException'{0x00000000d560ab60}> (0x00000000d560ab60) 
thrown [s\src\hotspot\share\prims\jni.cpp, line 520]
Event: 196.168 Thread 0x00000243df7ec9f0 Exception <a 'sun/nio/fs/WindowsException'{0x00000000d5873548}> (0x00000000d5873548) 
thrown [s\src\hotspot\share\prims\jni.cpp, line 520]
Event: 196.168 Thread 0x00000243df7ec9f0 Exception <a 'sun/nio/fs/WindowsException'{0x00000000d5873b78}> (0x00000000d5873b78) 
thrown [s\src\hotspot\share\prims\jni.cpp, line 520]
Event: 196.181 Thread 0x00000243df7ec9f0 Exception <a 'java/lang/NoSuchMethodError'{0x00000000d55e6518}: 'java.lang.Object java.lang.invoke.Invokers$Holder.linkToTargetMethod(java.lang.Object, java.lang.Object, int, int, java.lang.Object)'> (0x00000000d55e6518) 
thrown [s\src\hotspot\share\interpreter\linkResolver.cpp, line 773]
Event: 196.187 Thread 0x00000243df7ec9f0 Exception <a 'java/lang/NoSuchMethodError'{0x00000000d5616000}: method resolution failed> (0x00000000d5616000) 
thrown [s\src\hotspot\share\prims\methodHandles.cpp, line 1144]
Event: 196.220 Thread 0x00000243df7ec9f0 Exception <a 'sun/nio/fs/WindowsException'{0x00000000d5636b38}> (0x00000000d5636b38) 
thrown [s\src\hotspot\share\prims\jni.cpp, line 520]
Event: 196.220 Thread 0x00000243df7ec9f0 Exception <a 'sun/nio/fs/WindowsException'{0x00000000d5637168}> (0x00000000d5637168) 
thrown [s\src\hotspot\share\prims\jni.cpp, line 520]
Event: 196.249 Thread 0x00000243df7ec9f0 Exception <a 'sun/nio/fs/WindowsException'{0x00000000d57190a0}> (0x00000000d57190a0) 
thrown [s\src\hotspot\share\prims\jni.cpp, line 520]
Event: 196.249 Thread 0x00000243df7ec9f0 Exception <a 'sun/nio/fs/WindowsException'{0x00000000d57196d0}> (0x00000000d57196d0) 
thrown [s\src\hotspot\share\prims\jni.cpp, line 520]
Event: 340.464 Thread 0x00000243df7edda0 Exception <a 'java/lang/NoSuchMethodError'{0x00000000d56a12a8}: static [J.<clinit>()V> (0x00000000d56a12a8) 
thrown [s\src\hotspot\share\prims\jni.cpp, line 1111]
Event: 340.530 Thread 0x00000243df7edda0 Exception <a 'java/lang/NoSuchMethodError'{0x00000000d5727b20}: 'java.lang.Object java.lang.invoke.DirectMethodHandle$Holder.newInvokeSpecial(java.lang.Object, java.lang.Object, java.lang.Object, java.lang.Object, java.lang.Object, java.lang.Object, java.lang.Object, java.lang.Object)'> (0x00000000d5727b20) 
thrown [s\src\hotspot\share\interpreter\linkResolver.cpp, line 773]
Event: 340.535 Thread 0x00000243df7edda0 Implicit null exception at 0x00000243d1d3bcc5 to 0x00000243d1d3c69c
Event: 8722.908 Thread 0x00000243e62c4d60 Implicit null exception at 0x00000243d2288d7e to 0x00000243d228a8a0
Event: 8723.297 Thread 0x00000243e62c4d60 Exception <a 'sun/nio/fs/WindowsException'{0x00000000d57892c8}> (0x00000000d57892c8) 
thrown [s\src\hotspot\share\prims\jni.cpp, line 520]
Event: 8725.051 Thread 0x00000243e62c8870 Exception <a 'java/io/FileNotFoundException'{0x00000000d55afca0}> (0x00000000d55afca0) 
thrown [s\src\hotspot\share\prims\jni.cpp, line 520]
Event: 8725.053 Thread 0x00000243e62c8870 Exception <a 'java/io/FileNotFoundException'{0x00000000d55cb338}> (0x00000000d55cb338) 
thrown [s\src\hotspot\share\prims\jni.cpp, line 520]
Event: 8725.063 Thread 0x00000243e62c8870 Implicit null exception at 0x00000243d27c59bd to 0x00000243d27c71d8
Event: 8725.767 Thread 0x00000243e62c4d60 Exception <a 'sun/nio/fs/WindowsException'{0x00000000d5920d90}> (0x00000000d5920d90) 
thrown [s\src\hotspot\share\prims\jni.cpp, line 520]
Event: 9025.456 Thread 0x00000243e6931b20 Implicit null exception at 0x00000243d2cfc4a4 to 0x00000243d2cfcc18

ZGC Phase Switch (0 events):
No events

VM Operations (20 events):
Event: 10077.393 Executing VM operation: HandshakeAllThreads (HandshakeForDeflation)
Event: 10077.458 Executing VM operation: HandshakeAllThreads (HandshakeForDeflation) done
Event: 10077.458 Executing VM operation: RendezvousGCThreads
Event: 10077.458 Executing VM operation: RendezvousGCThreads done
Event: 10137.432 Executing VM operation: HandshakeAllThreads (HandshakeForDeflation)
Event: 10137.435 Executing VM operation: HandshakeAllThreads (HandshakeForDeflation) done
Event: 10137.435 Executing VM operation: RendezvousGCThreads
Event: 10137.435 Executing VM operation: RendezvousGCThreads done
Event: 10197.502 Executing VM operation: HandshakeAllThreads (HandshakeForDeflation)
Event: 10197.505 Executing VM operation: HandshakeAllThreads (HandshakeForDeflation) done
Event: 10197.505 Executing VM operation: RendezvousGCThreads
Event: 10197.505 Executing VM operation: RendezvousGCThreads done
Event: 10257.738 Executing VM operation: HandshakeAllThreads (HandshakeForDeflation)
Event: 10257.742 Executing VM operation: HandshakeAllThreads (HandshakeForDeflation) done
Event: 10257.743 Executing VM operation: RendezvousGCThreads
Event: 10257.743 Executing VM operation: RendezvousGCThreads done
Event: 10377.925 Executing VM operation: HandshakeAllThreads (HandshakeForDeflation)
Event: 10377.927 Executing VM operation: HandshakeAllThreads (HandshakeForDeflation) done
Event: 10377.927 Executing VM operation: RendezvousGCThreads
Event: 10377.927 Executing VM operation: RendezvousGCThreads done

Memory protections (0 events):
No events

Nmethod flushes (20 events):
Event: 113.054 Thread 0x00000243c6fbed80 flushing  nmethod 0x00000243cb4ad210
Event: 113.054 Thread 0x00000243c6fbed80 flushing  nmethod 0x00000243cb4af590
Event: 113.054 Thread 0x00000243c6fbed80 flushing  nmethod 0x00000243cb4b0890
Event: 113.054 Thread 0x00000243c6fbed80 flushing  nmethod 0x00000243cb4b1d90
Event: 113.054 Thread 0x00000243c6fbed80 flushing  nmethod 0x00000243cb4ec390
Event: 113.054 Thread 0x00000243c6fbed80 flushing  nmethod 0x00000243cb4eea90
Event: 113.054 Thread 0x00000243c6fbed80 flushing  nmethod 0x00000243cb4ff490
Event: 113.054 Thread 0x00000243c6fbed80 flushing  nmethod 0x00000243cb4ff990
Event: 113.054 Thread 0x00000243c6fbed80 flushing  nmethod 0x00000243cb505610
Event: 113.054 Thread 0x00000243c6fbed80 flushing  nmethod 0x00000243cb509090
Event: 113.054 Thread 0x00000243c6fbed80 flushing  nmethod 0x00000243cb50ee10
Event: 113.054 Thread 0x00000243c6fbed80 flushing  nmethod 0x00000243cb511310
Event: 113.054 Thread 0x00000243c6fbed80 flushing  nmethod 0x00000243cb514290
Event: 113.054 Thread 0x00000243c6fbed80 flushing  nmethod 0x00000243cb52b210
Event: 113.054 Thread 0x00000243c6fbed80 flushing  nmethod 0x00000243cb543590
Event: 113.054 Thread 0x00000243c6fbed80 flushing  nmethod 0x00000243cb598090
Event: 113.054 Thread 0x00000243c6fbed80 flushing  nmethod 0x00000243cb5cee10
Event: 113.054 Thread 0x00000243c6fbed80 flushing  nmethod 0x00000243cb5ec490
Event: 113.054 Thread 0x00000243c6fbed80 flushing  nmethod 0x00000243cb64ce90
Event: 113.054 Thread 0x00000243c6fbed80 flushing  nmethod 0x00000243cb66e710

Events (20 events):
Event: 556.230 Thread 0x00000243e6934fa0 Thread exited: 0x00000243e6934fa0
Event: 562.455 Thread 0x00000243e62fcc90 Thread exited: 0x00000243e62fcc90
Event: 5369.628 Thread 0x00000243e69321b0 Thread exited: 0x00000243e69321b0
Event: 5375.840 Thread 0x00000243e62fb8e0 Thread exited: 0x00000243e62fb8e0
Event: 8722.978 Thread 0x00000243df7edda0 Thread added: 0x00000243e6931b20
Event: 8725.470 Thread 0x00000243e62fabc0 Thread added: 0x00000243e6934280
Event: 8726.146 Thread 0x00000243e62fabc0 Thread added: 0x00000243e6933bf0
Event: 8729.705 Thread 0x00000243df7edda0 Thread added: 0x00000243e6933560
Event: 8729.754 Thread 0x00000243c6e9d610 Thread added: 0x00000243e60dbaa0
Event: 8729.901 Thread 0x00000243e6933560 Thread added: 0x00000243e6934910
Event: 8734.933 Thread 0x00000243e60dbaa0 Thread exited: 0x00000243e60dbaa0
Event: 8786.177 Thread 0x00000243e6933bf0 Thread exited: 0x00000243e6933bf0
Event: 8789.912 Thread 0x00000243e6934910 Thread exited: 0x00000243e6934910
Event: 8789.914 Thread 0x00000243e62fabc0 Thread exited: 0x00000243e62fabc0
Event: 8849.923 Thread 0x00000243e6933560 Thread exited: 0x00000243e6933560
Event: 9025.258 Thread 0x00000243e6931b20 Thread added: 0x00000243e69321b0
Event: 9025.267 Thread 0x00000243e69321b0 Thread exited: 0x00000243e69321b0
Event: 9025.311 Thread 0x00000243c6e9d610 Thread added: 0x00000243e60dea50
Event: 9025.505 Thread 0x00000243e6934280 Thread exited: 0x00000243e6934280
Event: 9031.211 Thread 0x00000243e60dea50 Thread exited: 0x00000243e60dea50


Dynamic libraries:
0x00007ff6947e0000 - 0x00007ff6947ee000 	c:\Users\25112\.vscode\extensions\redhat.java-1.44.0-win32-x64\jre\21.0.8-win32-x86_64\bin\java.exe
0x00007ffbe9ac0000 - 0x00007ffbe9d28000 	C:\WINDOWS\SYSTEM32\ntdll.dll
0x00007ffbe86c0000 - 0x00007ffbe8789000 	C:\WINDOWS\System32\KERNEL32.DLL
0x00007ffbe7470000 - 0x00007ffbe785d000 	C:\WINDOWS\System32\KERNELBASE.dll
0x00007ffbe6c10000 - 0x00007ffbe6d5b000 	C:\WINDOWS\System32\ucrtbase.dll
0x00007ffbb36e0000 - 0x00007ffbb36f8000 	c:\Users\25112\.vscode\extensions\redhat.java-1.44.0-win32-x64\jre\21.0.8-win32-x86_64\bin\jli.dll
0x00007ffbe7a70000 - 0x00007ffbe7c3c000 	C:\WINDOWS\System32\USER32.dll
0x00007ffbe7020000 - 0x00007ffbe7047000 	C:\WINDOWS\System32\win32u.dll
0x00007ffbe7860000 - 0x00007ffbe788b000 	C:\WINDOWS\System32\GDI32.dll
0x00007ffbe7050000 - 0x00007ffbe7187000 	C:\WINDOWS\System32\gdi32full.dll
0x00007ffbe6d60000 - 0x00007ffbe6e03000 	C:\WINDOWS\System32\msvcp_win.dll
0x00007ffbb4f50000 - 0x00007ffbb4f6e000 	c:\Users\25112\.vscode\extensions\redhat.java-1.44.0-win32-x64\jre\21.0.8-win32-x86_64\bin\VCRUNTIME140.dll
0x00007ffbccf40000 - 0x00007ffbcd1da000 	C:\WINDOWS\WinSxS\amd64_microsoft.windows.common-controls_6595b64144ccf1df_6.0.26100.4484_none_3e0e6d4ce32ef3b3\COMCTL32.dll
0x00007ffbe8940000 - 0x00007ffbe89e9000 	C:\WINDOWS\System32\msvcrt.dll
0x00007ffbe8a80000 - 0x00007ffbe8aaf000 	C:\WINDOWS\System32\IMM32.DLL
0x00007ffbd84c0000 - 0x00007ffbd84cc000 	c:\Users\25112\.vscode\extensions\redhat.java-1.44.0-win32-x64\jre\21.0.8-win32-x86_64\bin\vcruntime140_1.dll
0x00007ffb739e0000 - 0x00007ffb73a6d000 	c:\Users\25112\.vscode\extensions\redhat.java-1.44.0-win32-x64\jre\21.0.8-win32-x86_64\bin\msvcp140.dll
0x00007ffb1e210000 - 0x00007ffb1efa7000 	c:\Users\25112\.vscode\extensions\redhat.java-1.44.0-win32-x64\jre\21.0.8-win32-x86_64\bin\server\jvm.dll
0x00007ffbe7d90000 - 0x00007ffbe7e44000 	C:\WINDOWS\System32\ADVAPI32.dll
0x00007ffbe84a0000 - 0x00007ffbe8546000 	C:\WINDOWS\System32\sechost.dll
0x00007ffbe7c70000 - 0x00007ffbe7d88000 	C:\WINDOWS\System32\RPCRT4.dll
0x00007ffbe89f0000 - 0x00007ffbe8a64000 	C:\WINDOWS\System32\WS2_32.dll
0x00007ffbe6a60000 - 0x00007ffbe6abe000 	C:\WINDOWS\SYSTEM32\POWRPROF.dll
0x00007ffbe3ba0000 - 0x00007ffbe3bd5000 	C:\WINDOWS\SYSTEM32\WINMM.dll
0x00007ffbd2300000 - 0x00007ffbd230b000 	C:\WINDOWS\SYSTEM32\VERSION.dll
0x00007ffbe6a40000 - 0x00007ffbe6a54000 	C:\WINDOWS\SYSTEM32\UMPDC.dll
0x00007ffbe59b0000 - 0x00007ffbe59cb000 	C:\WINDOWS\SYSTEM32\kernel.appcore.dll
0x00007ffbd6990000 - 0x00007ffbd699a000 	c:\Users\25112\.vscode\extensions\redhat.java-1.44.0-win32-x64\jre\21.0.8-win32-x86_64\bin\jimage.dll
0x00007ffbe38e0000 - 0x00007ffbe3b21000 	C:\WINDOWS\SYSTEM32\DBGHELP.DLL
0x00007ffbe7e50000 - 0x00007ffbe81d6000 	C:\WINDOWS\System32\combase.dll
0x00007ffbe9720000 - 0x00007ffbe9800000 	C:\WINDOWS\System32\OLEAUT32.dll
0x00007ffbe3b50000 - 0x00007ffbe3b93000 	C:\WINDOWS\SYSTEM32\dbgcore.DLL
0x00007ffbe7250000 - 0x00007ffbe72e9000 	C:\WINDOWS\System32\bcryptPrimitives.dll
0x00007ffbc2e50000 - 0x00007ffbc2e5f000 	c:\Users\25112\.vscode\extensions\redhat.java-1.44.0-win32-x64\jre\21.0.8-win32-x86_64\bin\instrument.dll
0x00007ffba63c0000 - 0x00007ffba63df000 	c:\Users\25112\.vscode\extensions\redhat.java-1.44.0-win32-x64\jre\21.0.8-win32-x86_64\bin\java.dll
0x00007ffbe8b40000 - 0x00007ffbe928a000 	C:\WINDOWS\System32\SHELL32.dll
0x00007ffbe72f0000 - 0x00007ffbe7464000 	C:\WINDOWS\System32\wintypes.dll
0x00007ffbe4830000 - 0x00007ffbe508b000 	C:\WINDOWS\SYSTEM32\windows.storage.dll
0x00007ffbe9980000 - 0x00007ffbe9a75000 	C:\WINDOWS\System32\SHCORE.dll
0x00007ffbe8ad0000 - 0x00007ffbe8b3a000 	C:\WINDOWS\System32\shlwapi.dll
0x00007ffbe6b20000 - 0x00007ffbe6b4f000 	C:\WINDOWS\SYSTEM32\profapi.dll
0x00007ffbb1f10000 - 0x00007ffbb1f28000 	c:\Users\25112\.vscode\extensions\redhat.java-1.44.0-win32-x64\jre\21.0.8-win32-x86_64\bin\zip.dll
0x00007ffbc28b0000 - 0x00007ffbc28c0000 	C:\Users\25112\.vscode\extensions\redhat.java-1.44.0-win32-x64\jre\21.0.8-win32-x86_64\bin\net.dll
0x00007ffbdfca0000 - 0x00007ffbdfdbe000 	C:\WINDOWS\SYSTEM32\WINHTTP.dll
0x00007ffbe5f40000 - 0x00007ffbe5faa000 	C:\WINDOWS\system32\mswsock.dll
0x00007ffba5900000 - 0x00007ffba5916000 	C:\Users\25112\.vscode\extensions\redhat.java-1.44.0-win32-x64\jre\21.0.8-win32-x86_64\bin\nio.dll
0x00007ffbc0d40000 - 0x00007ffbc0d50000 	c:\Users\25112\.vscode\extensions\redhat.java-1.44.0-win32-x64\jre\21.0.8-win32-x86_64\bin\verify.dll
0x00007ffb76060000 - 0x00007ffb760a5000 	C:\Users\25112\AppData\Roaming\Code\User\globalStorage\redhat.java\1.44.0\config_win\org.eclipse.equinox.launcher\org.eclipse.equinox.launcher.win32.win32.x86_64_1.2.1400.v20250730-1736\eclipse_11913.dll
0x00007ffbe82f0000 - 0x00007ffbe848e000 	C:\WINDOWS\System32\ole32.dll
0x00007ffbe61f0000 - 0x00007ffbe620b000 	C:\WINDOWS\SYSTEM32\CRYPTSP.dll
0x00007ffbe5910000 - 0x00007ffbe594b000 	C:\WINDOWS\system32\rsaenh.dll
0x00007ffbe5fe0000 - 0x00007ffbe600b000 	C:\WINDOWS\SYSTEM32\USERENV.dll
0x00007ffbe6af0000 - 0x00007ffbe6b16000 	C:\WINDOWS\SYSTEM32\bcrypt.dll
0x00007ffbe6210000 - 0x00007ffbe621c000 	C:\WINDOWS\SYSTEM32\CRYPTBASE.dll
0x00007ffbe5470000 - 0x00007ffbe54a3000 	C:\WINDOWS\SYSTEM32\IPHLPAPI.DLL
0x00007ffbe8ac0000 - 0x00007ffbe8aca000 	C:\WINDOWS\System32\NSI.dll
0x00007ffb77d70000 - 0x00007ffb77db9000 	C:\Users\25112\AppData\Local\Temp\jna-102011741\jna15064977229663854630.dll
0x00007ffbe8a70000 - 0x00007ffbe8a78000 	C:\WINDOWS\System32\PSAPI.DLL
0x00007ffbe02a0000 - 0x00007ffbe02bf000 	C:\WINDOWS\SYSTEM32\dhcpcsvc6.DLL
0x00007ffbdfc70000 - 0x00007ffbdfc95000 	C:\WINDOWS\SYSTEM32\dhcpcsvc.DLL
0x00007ffbe5ae0000 - 0x00007ffbe5b16000 	C:\WINDOWS\SYSTEM32\ntmarta.dll

JVMTI agents:
c:\Users\25112\.vscode\extensions\redhat.java-1.44.0-win32-x64\lombok\lombok-1.18.39-4050.jar path:c:\Users\25112\.vscode\extensions\redhat.java-1.44.0-win32-x64\jre\21.0.8-win32-x86_64\bin\instrument.dll, loaded, initialized, instrumentlib options:none

dbghelp: loaded successfully - version: 4.0.5 - missing functions: none
symbol engine: initialized successfully - sym options: 0x614 - pdb path: .;c:\Users\25112\.vscode\extensions\redhat.java-1.44.0-win32-x64\jre\21.0.8-win32-x86_64\bin;C:\WINDOWS\SYSTEM32;C:\WINDOWS\WinSxS\amd64_microsoft.windows.common-controls_6595b64144ccf1df_6.0.26100.4484_none_3e0e6d4ce32ef3b3;c:\Users\25112\.vscode\extensions\redhat.java-1.44.0-win32-x64\jre\21.0.8-win32-x86_64\bin\server;C:\Users\25112\AppData\Roaming\Code\User\globalStorage\redhat.java\1.44.0\config_win\org.eclipse.equinox.launcher\org.eclipse.equinox.launcher.win32.win32.x86_64_1.2.1400.v20250730-1736;C:\Users\25112\AppData\Local\Temp\jna-102011741

VM Arguments:
jvm_args: --add-modules=ALL-SYSTEM --add-opens=java.base/java.util=ALL-UNNAMED --add-opens=java.base/java.lang=ALL-UNNAMED --add-opens=java.base/sun.nio.fs=ALL-UNNAMED -Declipse.application=org.eclipse.jdt.ls.core.id1 -Dosgi.bundles.defaultStartLevel=4 -Declipse.product=org.eclipse.jdt.ls.core.product -Djava.import.generatesMetadataFilesAtProjectRoot=false -DDetectVMInstallationsJob.disabled=true -Dfile.encoding=utf8 -XX:+UseParallelGC -XX:GCTimeRatio=4 -XX:AdaptiveSizePolicyWeight=90 -Dsun.zip.disableMemoryMapping=true -Xmx2G -Xms100m -Xlog:disable -javaagent:c:\Users\25112\.vscode\extensions\redhat.java-1.44.0-win32-x64\lombok\lombok-1.18.39-4050.jar -XX:+HeapDumpOnOutOfMemoryError -XX:HeapDumpPath=c:\Users\25112\AppData\Roaming\Code\User\workspaceStorage\6548b1a7cd3deffbda5bc5be2b348b8c\redhat.java -Daether.dependencyCollector.impl=bf 
java_command: c:\Users\25112\.vscode\extensions\redhat.java-1.44.0-win32-x64\server\plugins\org.eclipse.equinox.launcher_1.7.0.v20250519-0528.jar -configuration c:\Users\25112\AppData\Roaming\Code\User\globalStorage\redhat.java\1.44.0\config_win -data c:\Users\25112\AppData\Roaming\Code\User\workspaceStorage\6548b1a7cd3deffbda5bc5be2b348b8c\redhat.java\jdt_ws --pipe=\\.\pipe\lsp-8057a7c8c51a98bfe779bbdcc596630a-sock
java_class_path (initial): c:\Users\25112\.vscode\extensions\redhat.java-1.44.0-win32-x64\server\plugins\org.eclipse.equinox.launcher_1.7.0.v20250519-0528.jar
Launcher Type: SUN_STANDARD

[Global flags]
    uintx AdaptiveSizePolicyWeight                 = 90                                        {product} {command line}
     intx CICompilerCount                          = 4                                         {product} {ergonomic}
    uintx GCTimeRatio                              = 4                                         {product} {command line}
     bool HeapDumpOnOutOfMemoryError               = true                                   {manageable} {command line}
    ccstr HeapDumpPath                             = c:\Users\25112\AppData\Roaming\Code\User\workspaceStorage\6548b1a7cd3deffbda5bc5be2b348b8c\redhat.java         {manageable} {command line}
   size_t InitialHeapSize                          = 104857600                                 {product} {command line}
   size_t MaxHeapSize                              = 2147483648                                {product} {command line}
   size_t MaxNewSize                               = 715653120                                 {product} {ergonomic}
   size_t MinHeapDeltaBytes                        = 524288                                    {product} {ergonomic}
   size_t MinHeapSize                              = 104857600                                 {product} {command line}
   size_t NewSize                                  = 34603008                                  {product} {ergonomic}
    uintx NonNMethodCodeHeapSize                   = 5839372                                {pd product} {ergonomic}
    uintx NonProfiledCodeHeapSize                  = 122909434                              {pd product} {ergonomic}
   size_t OldSize                                  = 70254592                                  {product} {ergonomic}
    uintx ProfiledCodeHeapSize                     = 122909434                              {pd product} {ergonomic}
    uintx ReservedCodeCacheSize                    = 251658240                              {pd product} {ergonomic}
     bool SegmentedCodeCache                       = true                                      {product} {ergonomic}
   size_t SoftMaxHeapSize                          = 2147483648                             {manageable} {ergonomic}
     bool UseCompressedOops                        = true                           {product lp64_product} {ergonomic}
     bool UseLargePagesIndividualAllocation        = false                                  {pd product} {ergonomic}
     bool UseParallelGC                            = true                                      {product} {command line}

Logging:
Log output configuration:
 #0: stdout all=off uptime,level,tags foldmultilines=false
 #1: stderr all=off uptime,level,tags foldmultilines=false

Environment Variables:
JAVA_HOME=C:\Program Files\Java\jdk-21
PATH=C:\Program Files\Microsoft MPI\Bin\;C:\Program Files\Common Files\Oracle\Java\javapath;C:\WINDOWS\system32;C:\WINDOWS;C:\WINDOWS\System32\Wbem;C:\WINDOWS\System32\WindowsPowerShell\v1.0\;C:\WINDOWS\System32\OpenSSH\;C:\Program Files (x86)\Microsoft SQL Server\160\Tools\Binn\;C:\Program Files\Microsoft SQL Server\160\Tools\Binn\;C:\Program Files\Microsoft SQL Server\Client SDK\ODBC\170\Tools\Binn\;C:\Program Files\Microsoft SQL Server\160\DTS\Binn\;C:\Program Files (x86)\Microsoft SQL Server\160\DTS\Binn\;C:\Program Files\nodejs\;C:\Program Files (x86)\Windows Kits\10\Windows Performance Toolkit\;D:\progam\Git\cmd;C:\Program Files\Cloudflare\Cloudflare WARP\;C:\Program Files\Java\jdk-17\bin;D:\vault_1.19.2_windows_amd64;D:\util\temporal;D:\util\k6;D:\util\influxdb;D:\util\grafana-v11.6.1\bin;C:\Program Files\Docker\Docker\resources\bin;C:\Users\25112\Downloads\apache-maven-3.9.9\bin;d:\progam\cursor\resources\app\bin;C:\Program Files\Java\jdk-21\bin;C:\Program Files\MySQL\MySQL Shell 8.0\bin\;C:\Users\25112\AppData\Local\Programs\Python\Python312\Scripts\;C:\Users\25112\AppData\Local\Programs\Python\Python312\;C:\Users\25112\AppData\Local\Programs\Python\Launcher\;C:\Users\25112\AppData\Local\Microsoft\WindowsApps;C:\Program Files\Java\jdk-17\bin;D:\progam\Microsoft VS Code\bin;C:\Users\25112\AppData\Roaming\npm;D:\progam\devc\Dev-Cpp\MinGW64\bin;C:\Users\25112\Downloads\mongodb-database-tools-windows-x86_64-100.11.0\mongodb-database-tools-windows-x86_64-100.11.0\bin;;D:\progam\IntelliJ IDEA 2024.1\bin;;D:\Azure Data Studio\bin;C:\Users\25112\AppData\Local\Programs\cursor\resources\app\bin
USERNAME=khang
OS=Windows_NT
PROCESSOR_IDENTIFIER=Intel64 Family 6 Model 140 Stepping 1, GenuineIntel
TMP=C:\Users\25112\AppData\Local\Temp
TEMP=C:\Users\25112\AppData\Local\Temp




Periodic native trim disabled

---------------  S Y S T E M  ---------------

OS:
 Windows 11 , 64 bit Build 26100 (10.0.26100.4484)
OS uptime: 1 days 0:17 hours
Hyper-V role detected

CPU: total 8 (initial active 8) (4 cores per cpu, 2 threads per core) family 6 model 140 stepping 1 microcode 0xb6, cx8, cmov, fxsr, ht, mmx, 3dnowpref, sse, sse2, sse3, ssse3, sse4.1, sse4.2, popcnt, lzcnt, tsc, tscinvbit, avx, avx2, aes, erms, clmul, bmi1, bmi2, adx, avx512f, avx512dq, avx512cd, avx512bw, avx512vl, sha, fma, vzeroupper, avx512_vpopcntdq, avx512_vpclmulqdq, avx512_vaes, avx512_vnni, clflush, clflushopt, clwb, avx512_vbmi2, avx512_vbmi, hv, rdtscp, rdpid, fsrm, gfni, avx512_bitalg, f16c, cet_ibt, cet_ss, avx512_ifma
Processor Information for the first 8 processors :
  Max Mhz: 2803, Current Mhz: 2803, Mhz Limit: 2803

Memory: 4k page, system-wide physical 7975M (588M free)
TotalPageFile size 32551M (AvailPageFile size 28M)
current process WorkingSet (physical memory assigned to process): 7M, peak: 1114M
current process commit charge ("private bytes"): 1197M, peak: 1214M

vm_info: OpenJDK 64-Bit Server VM (21.0.8+9-LTS) for windows-amd64 JRE (21.0.8+9-LTS), built on 2025-07-15T00:00:00Z by "admin" with MS VC++ 17.7 (VS2022)

END.
